<?xml version="1.0" encoding="UTF-8"?>
<!-- Generated by org.testng.reporters.JUnitReportReporter -->
<testsuite hostname="DESKTOP-MHR9PJG" failures="0" tests="5" name="test.LoginTest4" time="23.175" errors="0" timestamp="2022-08-27T12:58:59 IST" skipped="0">
  <testcase classname="test.LoginTest4" name="validateZeodhaForgotLink" time="5.423"/>
  <system-out/>
  <testcase classname="test.LoginTest4" name="data" time="4.045"/>
  <system-out/>
  <testcase classname="test.LoginTest4" name="data" time="3.321"/>
  <system-out/>
  <testcase classname="test.LoginTest4" name="data" time="4.133"/>
  <system-out/>
  <testcase classname="test.LoginTest4" name="ZerodhaLoginTest" time="6.253"/>
  <system-out/>
</testsuite> <!-- test.LoginTest4 -->
