<?xml version="1.0" encoding="UTF-8"?>
<!-- Generated by org.testng.reporters.JUnitReportReporter -->
<testsuite hostname="DESKTOP-MHR9PJG" failures="0" tests="1" name="test.LoginPageTest" time="97.495" errors="0" timestamp="2022-08-19T21:54:19 IST" skipped="0">
  <testcase classname="test.LoginPageTest" name="ZerodhaLoginTest" time="97.495"/>
  <system-out/>
</testsuite> <!-- test.LoginPageTest -->
